{"numTotalTestSuites":28,"numPassedTestSuites":28,"numFailedTestSuites":0,"numPendingTestSuites":0,"numTotalTests":61,"numPassedTests":61,"numFailedTests":0,"numPendingTests":0,"numTodoTests":0,"snapshot":{"added":0,"failure":false,"filesAdded":0,"filesRemoved":0,"filesRemovedList":[],"filesUnmatched":0,"filesUpdated":0,"matched":0,"total":0,"unchecked":0,"uncheckedKeysByFile":[],"unmatched":0,"updated":0,"didUpdate":false},"startTime":1784594036528,"success":true,"testResults":[{"assertionResults":[{"ancestorTitles":["ID Generator - Property Tests"],"fullName":"ID Generator - Property Tests Property 17: every generated ID matches UUIDv7 format","status":"passed","title":"Property 17: every generated ID matches UUIDv7 format","duration":4.967800000000011,"failureMessages":[],"meta":{},"tags":[]},{"ancestorTitles":["ID Generator - Property Tests"],"fullName":"ID Generator - Property Tests Property 18: sequentially generated IDs are lexicographically ordered","status":"passed","title":"Property 18: sequentially generated IDs are lexicographically ordered","duration":9.568699999999922,"failureMessages":[],"meta":{},"tags":[]}],"startTime":1784594037090,"endTime":1784594037104.5686,"status":"passed","message":"","name":"M:/Workspaces/personal-sw-dev/hecatoncheires/packages/core/dist/utilities/id-generator.test.js"},{"assertionResults":[{"ancestorTitles":["IdSchema"],"fullName":"IdSchema accepts a valid UUIDv7 string","status":"passed","title":"accepts a valid UUIDv7 string","duration":3.0921000000000163,"failureMessages":[],"meta":{},"tags":[]},{"ancestorTitles":["IdSchema"],"fullName":"IdSchema accepts a known valid UUIDv7 string","status":"passed","title":"accepts a known valid UUIDv7 string","duration":0.263499999999965,"failureMessages":[],"meta":{},"tags":[]},{"ancestorTitles":["IdSchema"],"fullName":"IdSchema rejects a UUIDv4 string (version nibble 4)","status":"passed","title":"rejects a UUIDv4 string (version nibble 4)","duration":0.3299000000000092,"failureMessages":[],"meta":{},"tags":[]},{"ancestorTitles":["IdSchema"],"fullName":"IdSchema rejects a non-UUID string","status":"passed","title":"rejects a non-UUID string","duration":0.2702000000000453,"failureMessages":[],"meta":{},"tags":[]},{"ancestorTitles":["IdSchema"],"fullName":"IdSchema rejects an empty string","status":"passed","title":"rejects an empty string","duration":0.3053000000000452,"failureMessages":[],"meta":{},"tags":[]},{"ancestorTitles":["IdSchema"],"fullName":"IdSchema rejects uppercase UUIDv7","status":"passed","title":"rejects uppercase UUIDv7","duration":0.18900000000002137,"failureMessages":[],"meta":{},"tags":[]},{"ancestorTitles":["IdSchema"],"fullName":"IdSchema rejects a UUID with incorrect variant bits","status":"passed","title":"rejects a UUID with incorrect variant bits","duration":0.23989999999997735,"failureMessages":[],"meta":{},"tags":[]}],"startTime":1784594036883,"endTime":1784594036888.24,"status":"passed","message":"","name":"M:/Workspaces/personal-sw-dev/hecatoncheires/packages/core/dist/schemas/id.schema.test.js"},{"assertionResults":[{"ancestorTitles":["RuntimeTunablesSchema"],"fullName":"RuntimeTunablesSchema accepts valid runtime tunables","status":"passed","title":"accepts valid runtime tunables","duration":3.238400000000013,"failureMessages":[],"meta":{},"tags":[]},{"ancestorTitles":["RuntimeTunablesSchema","thresholds"],"fullName":"RuntimeTunablesSchema thresholds rejects zero for outputTokensPerHour","status":"passed","title":"rejects zero for outputTokensPerHour","duration":1.0944999999999823,"failureMessages":[],"meta":{},"tags":[]},{"ancestorTitles":["RuntimeTunablesSchema","thresholds"],"fullName":"RuntimeTunablesSchema thresholds rejects negative values for guardrailBlocksPer10Min","status":"passed","title":"rejects negative values for guardrailBlocksPer10Min","duration":0.412399999999991,"failureMessages":[],"meta":{},"tags":[]},{"ancestorTitles":["RuntimeTunablesSchema","thresholds"],"fullName":"RuntimeTunablesSchema thresholds rejects non-integer for guardrailObservationsPerHour","status":"passed","title":"rejects non-integer for guardrailObservationsPerHour","duration":0.28829999999999245,"failureMessages":[],"meta":{},"tags":[]},{"ancestorTitles":["RuntimeTunablesSchema","thresholds"],"fullName":"RuntimeTunablesSchema thresholds rejects non-number types for thresholds","status":"passed","title":"rejects non-number types for thresholds","duration":0.2115000000000009,"failureMessages":[],"meta":{},"tags":[]},{"ancestorTitles":["RuntimeTunablesSchema","featureFlags"],"fullName":"RuntimeTunablesSchema featureFlags rejects non-boolean for pipelineSpeedBreaker","status":"passed","title":"rejects non-boolean for pipelineSpeedBreaker","duration":0.25319999999999254,"failureMessages":[],"meta":{},"tags":[]},{"ancestorTitles":["RuntimeTunablesSchema","featureFlags"],"fullName":"RuntimeTunablesSchema featureFlags rejects non-boolean for timeBoxedGrants","status":"passed","title":"rejects non-boolean for timeBoxedGrants","duration":0.2803000000000111,"failureMessages":[],"meta":{},"tags":[]},{"ancestorTitles":["RuntimeTunablesSchema"],"fullName":"RuntimeTunablesSchema rejects missing thresholds object","status":"passed","title":"rejects missing thresholds object","duration":0.28019999999997935,"failureMessages":[],"meta":{},"tags":[]},{"ancestorTitles":["RuntimeTunablesSchema"],"fullName":"RuntimeTunablesSchema rejects missing featureFlags object","status":"passed","title":"rejects missing featureFlags object","duration":0.5115999999999872,"failureMessages":[],"meta":{},"tags":[]}],"startTime":1784594036855,"endTime":1784594036862.5117,"status":"passed","message":"","name":"M:/Workspaces/personal-sw-dev/hecatoncheires/packages/core/dist/schemas/runtime-tunables.schema.test.js"},{"assertionResults":[{"ancestorTitles":["AgentConfiguration Factory - Property Tests"],"fullName":"AgentConfiguration Factory - Property Tests Property 1: factory produces frozen, equivalent output for valid input","status":"passed","title":"Property 1: factory produces frozen, equivalent output for valid input","duration":14.701000000000022,"failureMessages":[],"meta":{},"tags":[]},{"ancestorTitles":["AgentConfiguration Factory - Property Tests"],"fullName":"AgentConfiguration Factory - Property Tests Property 2: factory rejects all invalid input with ValidationError","status":"passed","title":"Property 2: factory rejects all invalid input with ValidationError","duration":9.890999999999963,"failureMessages":[],"meta":{},"tags":[]},{"ancestorTitles":["AgentConfiguration Factory - Property Tests"],"fullName":"AgentConfiguration Factory - Property Tests Property 3: guardrailVersion defaults to DRAFT when omitted","status":"passed","title":"Property 3: guardrailVersion defaults to DRAFT when omitted","duration":3.994000000000028,"failureMessages":[],"meta":{},"tags":[]}],"startTime":1784594037077,"endTime":1784594037105.994,"status":"passed","message":"","name":"M:/Workspaces/personal-sw-dev/hecatoncheires/packages/core/src/entity/agent-configuration.factory.test.ts"},{"assertionResults":[{"ancestorTitles":["GrantRecord Factory - Property Tests"],"fullName":"GrantRecord Factory - Property Tests Property 1: factory produces frozen, equivalent output for valid input","status":"passed","title":"Property 1: factory produces frozen, equivalent output for valid input","duration":24.3587,"failureMessages":[],"meta":{},"tags":[]},{"ancestorTitles":["GrantRecord Factory - Property Tests"],"fullName":"GrantRecord Factory - Property Tests Property 2: factory rejects all invalid input with ValidationError","status":"passed","title":"Property 2: factory rejects all invalid input with ValidationError","duration":8.82809999999995,"failureMessages":[],"meta":{},"tags":[]},{"ancestorTitles":["GrantRecord Factory - Property Tests"],"fullName":"GrantRecord Factory - Property Tests Property 4: factory auto-generates a valid UUIDv7 grantId when omitted","status":"passed","title":"Property 4: factory auto-generates a valid UUIDv7 grantId when omitted","duration":5.741899999999987,"failureMessages":[],"meta":{},"tags":[]}],"startTime":1784594037094,"endTime":1784594037132.742,"status":"passed","message":"","name":"M:/Workspaces/personal-sw-dev/hecatoncheires/packages/core/src/entity/grant-record.factory.test.ts"},{"assertionResults":[{"ancestorTitles":["RuntimeTunables Factory - Property Tests"],"fullName":"RuntimeTunables Factory - Property Tests Property 1: factory produces frozen, equivalent output for valid input","status":"passed","title":"Property 1: factory produces frozen, equivalent output for valid input","duration":8.924300000000017,"failureMessages":[],"meta":{},"tags":[]},{"ancestorTitles":["RuntimeTunables Factory - Property Tests"],"fullName":"RuntimeTunables Factory - Property Tests Property 2: factory rejects all invalid input with ValidationError","status":"passed","title":"Property 2: factory rejects all invalid input with ValidationError","duration":8.274599999999964,"failureMessages":[],"meta":{},"tags":[]}],"startTime":1784594037084,"endTime":1784594037101.2747,"status":"passed","message":"","name":"M:/Workspaces/personal-sw-dev/hecatoncheires/packages/core/src/entity/runtime-tunables.factory.test.ts"},{"assertionResults":[{"ancestorTitles":["AgentConfigurationSchema"],"fullName":"AgentConfigurationSchema accepts valid input and defaults guardrailVersion to DRAFT","status":"passed","title":"accepts valid input and defaults guardrailVersion to DRAFT","duration":3.01339999999999,"failureMessages":[],"meta":{},"tags":[]},{"ancestorTitles":["AgentConfigurationSchema"],"fullName":"AgentConfigurationSchema accepts explicit guardrailVersion","status":"passed","title":"accepts explicit guardrailVersion","duration":0.40980000000001837,"failureMessages":[],"meta":{},"tags":[]},{"ancestorTitles":["AgentConfigurationSchema"],"fullName":"AgentConfigurationSchema accepts all valid agentType values","status":"passed","title":"accepts all valid agentType values","duration":0.6129999999999995,"failureMessages":[],"meta":{},"tags":[]},{"ancestorTitles":["AgentConfigurationSchema","configName validation"],"fullName":"AgentConfigurationSchema configName validation rejects empty configName","status":"passed","title":"rejects empty configName","duration":0.7059999999999604,"failureMessages":[],"meta":{},"tags":[]},{"ancestorTitles":["AgentConfigurationSchema","configName validation"],"fullName":"AgentConfigurationSchema configName validation rejects configName starting with uppercase","status":"passed","title":"rejects configName starting with uppercase","duration":0.23450000000002547,"failureMessages":[],"meta":{},"tags":[]},{"ancestorTitles":["AgentConfigurationSchema","configName validation"],"fullName":"AgentConfigurationSchema configName validation rejects configName starting with a digit","status":"passed","title":"rejects configName starting with a digit","duration":0.17749999999995225,"failureMessages":[],"meta":{},"tags":[]},{"ancestorTitles":["AgentConfigurationSchema","configName validation"],"fullName":"AgentConfigurationSchema configName validation rejects configName ending with a hyphen","status":"passed","title":"rejects configName ending with a hyphen","duration":0.24939999999998008,"failureMessages":[],"meta":{},"tags":[]},{"ancestorTitles":["AgentConfigurationSchema","configName validation"],"fullName":"AgentConfigurationSchema configName validation rejects configName longer than 40 characters","status":"passed","title":"rejects configName longer than 40 characters","duration":0.23469999999997526,"failureMessages":[],"meta":{},"tags":[]},{"ancestorTitles":["AgentConfigurationSchema","configName validation"],"fullName":"AgentConfigurationSchema configName validation accepts configName at max 40 characters","status":"passed","title":"accepts configName at max 40 characters","duration":0.4714999999999918,"failureMessages":[],"meta":{},"tags":[]},{"ancestorTitles":["AgentConfigurationSchema","configName validation"],"fullName":"AgentConfigurationSchema configName validation rejects configName with underscores","status":"passed","title":"rejects configName with underscores","duration":0.2563000000000102,"failureMessages":[],"meta":{},"tags":[]},{"ancestorTitles":["AgentConfigurationSchema","required non-empty string fields"],"fullName":"AgentConfigurationSchema required non-empty string fields rejects empty modelId","status":"passed","title":"rejects empty modelId","duration":0.2599999999999909,"failureMessages":[],"meta":{},"tags":[]},{"ancestorTitles":["AgentConfigurationSchema","required non-empty string fields"],"fullName":"AgentConfigurationSchema required non-empty string fields rejects empty guardrailId","status":"passed","title":"rejects empty guardrailId","duration":0.18840000000000146,"failureMessages":[],"meta":{},"tags":[]},{"ancestorTitles":["AgentConfigurationSchema","required non-empty string fields"],"fullName":"AgentConfigurationSchema required non-empty string fields rejects empty owner","status":"passed","title":"rejects empty owner","duration":0.1372000000000071,"failureMessages":[],"meta":{},"tags":[]},{"ancestorTitles":["AgentConfigurationSchema","required non-empty string fields"],"fullName":"AgentConfigurationSchema required non-empty string fields rejects empty guardrailVersion when explicitly provided","status":"passed","title":"rejects empty guardrailVersion when explicitly provided","duration":0.11230000000000473,"failureMessages":[],"meta":{},"tags":[]},{"ancestorTitles":["AgentConfigurationSchema","invalid agentType"],"fullName":"AgentConfigurationSchema invalid agentType rejects unrecognized agentType value","status":"passed","title":"rejects unrecognized agentType value","duration":0.18490000000002738,"failureMessages":[],"meta":{},"tags":[]},{"ancestorTitles":["ConfigNamePattern"],"fullName":"ConfigNamePattern is exported and matches valid names","status":"passed","title":"is exported and matches valid names","duration":0.17540000000002465,"failureMessages":[],"meta":{},"tags":[]},{"ancestorTitles":["ConfigNamePattern"],"fullName":"ConfigNamePattern rejects invalid names","status":"passed","title":"rejects invalid names","duration":0.1308999999999969,"failureMessages":[],"meta":{},"tags":[]}],"startTime":1784594036842,"endTime":1784594036850.1848,"status":"passed","message":"","name":"M:/Workspaces/personal-sw-dev/hecatoncheires/packages/core/src/schemas/agent-configuration.schema.test.ts"},{"assertionResults":[{"ancestorTitles":["IdSchema"],"fullName":"IdSchema accepts a valid UUIDv7 string","status":"passed","title":"accepts a valid UUIDv7 string","duration":2.713799999999992,"failureMessages":[],"meta":{},"tags":[]},{"ancestorTitles":["IdSchema"],"fullName":"IdSchema accepts a known valid UUIDv7 string","status":"passed","title":"accepts a known valid UUIDv7 string","duration":0.31929999999999836,"failureMessages":[],"meta":{},"tags":[]},{"ancestorTitles":["IdSchema"],"fullName":"IdSchema rejects a UUIDv4 string (version nibble 4)","status":"passed","title":"rejects a UUIDv4 string (version nibble 4)","duration":0.3882000000000403,"failureMessages":[],"meta":{},"tags":[]},{"ancestorTitles":["IdSchema"],"fullName":"IdSchema rejects a non-UUID string","status":"passed","title":"rejects a non-UUID string","duration":0.32269999999999754,"failureMessages":[],"meta":{},"tags":[]},{"ancestorTitles":["IdSchema"],"fullName":"IdSchema rejects an empty string","status":"passed","title":"rejects an empty string","duration":0.3494999999999777,"failureMessages":[],"meta":{},"tags":[]},{"ancestorTitles":["IdSchema"],"fullName":"IdSchema rejects uppercase UUIDv7","status":"passed","title":"rejects uppercase UUIDv7","duration":0.21530000000001337,"failureMessages":[],"meta":{},"tags":[]},{"ancestorTitles":["IdSchema"],"fullName":"IdSchema rejects a UUID with incorrect variant bits","status":"passed","title":"rejects a UUID with incorrect variant bits","duration":0.27439999999995734,"failureMessages":[],"meta":{},"tags":[]}],"startTime":1784594036882,"endTime":1784594036886.3496,"status":"passed","message":"","name":"M:/Workspaces/personal-sw-dev/hecatoncheires/packages/core/src/schemas/id.schema.test.ts"},{"assertionResults":[{"ancestorTitles":["RuntimeTunablesSchema"],"fullName":"RuntimeTunablesSchema accepts valid runtime tunables","status":"passed","title":"accepts valid runtime tunables","duration":3.046000000000049,"failureMessages":[],"meta":{},"tags":[]},{"ancestorTitles":["RuntimeTunablesSchema","thresholds"],"fullName":"RuntimeTunablesSchema thresholds rejects zero for outputTokensPerHour","status":"passed","title":"rejects zero for outputTokensPerHour","duration":1.011099999999999,"failureMessages":[],"meta":{},"tags":[]},{"ancestorTitles":["RuntimeTunablesSchema","thresholds"],"fullName":"RuntimeTunablesSchema thresholds rejects negative values for guardrailBlocksPer10Min","status":"passed","title":"rejects negative values for guardrailBlocksPer10Min","duration":0.3654000000000224,"failureMessages":[],"meta":{},"tags":[]},{"ancestorTitles":["RuntimeTunablesSchema","thresholds"],"fullName":"RuntimeTunablesSchema thresholds rejects non-integer for guardrailObservationsPerHour","status":"passed","title":"rejects non-integer for guardrailObservationsPerHour","duration":0.43849999999997635,"failureMessages":[],"meta":{},"tags":[]},{"ancestorTitles":["RuntimeTunablesSchema","thresholds"],"fullName":"RuntimeTunablesSchema thresholds rejects non-number types for thresholds","status":"passed","title":"rejects non-number types for thresholds","duration":0.20359999999999445,"failureMessages":[],"meta":{},"tags":[]},{"ancestorTitles":["RuntimeTunablesSchema","featureFlags"],"fullName":"RuntimeTunablesSchema featureFlags rejects non-boolean for pipelineSpeedBreaker","status":"passed","title":"rejects non-boolean for pipelineSpeedBreaker","duration":0.13550000000003593,"failureMessages":[],"meta":{},"tags":[]},{"ancestorTitles":["RuntimeTunablesSchema","featureFlags"],"fullName":"RuntimeTunablesSchema featureFlags rejects non-boolean for timeBoxedGrants","status":"passed","title":"rejects non-boolean for timeBoxedGrants","duration":0.19499999999999318,"failureMessages":[],"meta":{},"tags":[]},{"ancestorTitles":["RuntimeTunablesSchema"],"fullName":"RuntimeTunablesSchema rejects missing thresholds object","status":"passed","title":"rejects missing thresholds object","duration":0.5392999999999688,"failureMessages":[],"meta":{},"tags":[]},{"ancestorTitles":["RuntimeTunablesSchema"],"fullName":"RuntimeTunablesSchema rejects missing featureFlags object","status":"passed","title":"rejects missing featureFlags object","duration":0.6672000000000367,"failureMessages":[],"meta":{},"tags":[]}],"startTime":1784594036851,"endTime":1784594036857.6672,"status":"passed","message":"","name":"M:/Workspaces/personal-sw-dev/hecatoncheires/packages/core/src/schemas/runtime-tunables.schema.test.ts"},{"assertionResults":[{"ancestorTitles":["ID Generator - Property Tests"],"fullName":"ID Generator - Property Tests Property 17: every generated ID matches UUIDv7 format","status":"passed","title":"Property 17: every generated ID matches UUIDv7 format","duration":5.74470000000008,"failureMessages":[],"meta":{},"tags":[]},{"ancestorTitles":["ID Generator - Property Tests"],"fullName":"ID Generator - Property Tests Property 18: sequentially generated IDs are lexicographically ordered","status":"passed","title":"Property 18: sequentially generated IDs are lexicographically ordered","duration":10.799300000000017,"failureMessages":[],"meta":{},"tags":[]}],"startTime":1784594037085,"endTime":1784594037100.7993,"status":"passed","message":"","name":"M:/Workspaces/personal-sw-dev/hecatoncheires/packages/core/src/utilities/id-generator.test.ts"}]}
